2025-01-28 00:29:00,067 - ChatServer - INFO - Initializing chat server...
2025-01-28 00:29:00,067 - ChatServer - INFO - Using device: cpu
2025-01-28 00:29:17,526 - ChatServer - INFO - Model and tokenizer loaded successfully
2025-01-28 00:29:17,527 - ChatServer - INFO - Setting up chatbot pipeline...
2025-01-28 00:29:17,547 - ChatServer - ERROR - Server error: __init__() missing 1 required positional argument: 'get_session_history'
2025-01-28 00:30:05,095 - ChatServer - INFO - Initializing chat server...
2025-01-28 00:30:05,095 - ChatServer - INFO - Using device: cpu
2025-01-28 00:30:20,517 - ChatServer - INFO - Model and tokenizer loaded successfully
2025-01-28 00:30:20,518 - ChatServer - INFO - Setting up chatbot pipeline...
2025-01-28 00:30:20,577 - ChatServer - INFO - Chatbot pipeline setup complete
2025-01-28 00:30:20,578 - ChatServer - INFO - Chat server initialization complete
2025-01-28 00:30:20,630 - ChatServer - INFO - WebSocket server started on ws://localhost:8765
2025-01-28 00:32:58,754 - ChatServer - INFO - Shutting down server...
2025-01-28 00:33:05,570 - ChatServer - INFO - Initializing chat server...
2025-01-28 00:33:05,570 - ChatServer - INFO - Using device: cpu
2025-01-28 00:33:19,957 - ChatServer - INFO - Model and tokenizer loaded successfully
2025-01-28 00:33:19,959 - ChatServer - INFO - Setting up chatbot pipeline...
2025-01-28 00:33:19,987 - ChatServer - INFO - Chatbot pipeline setup complete
2025-01-28 00:33:19,987 - ChatServer - INFO - Chat server initialization complete
2025-01-28 00:33:20,039 - ChatServer - INFO - WebSocket server started on ws://localhost:8765
2025-01-28 00:34:10,821 - ChatServer - INFO - Shutting down server...
2025-01-28 00:34:17,201 - ChatServer - INFO - Initializing chat server...
2025-01-28 00:34:17,201 - ChatServer - INFO - Using device: cpu
2025-01-28 00:34:31,929 - ChatServer - INFO - Model and tokenizer loaded successfully
2025-01-28 00:34:31,931 - ChatServer - INFO - Setting up chatbot pipeline...
2025-01-28 00:34:31,969 - ChatServer - INFO - Chatbot pipeline setup complete
2025-01-28 00:34:31,969 - ChatServer - INFO - Chat server initialization complete
2025-01-28 00:34:32,055 - ChatServer - INFO - WebSocket server started on ws://localhost:8765
2025-01-28 00:35:31,613 - ChatServer - INFO - Shutting down server...
2025-01-28 00:35:38,996 - ChatServer - INFO - Initializing chat server...
2025-01-28 00:35:38,996 - ChatServer - INFO - Using device: cpu
2025-01-28 00:35:53,686 - ChatServer - INFO - Model and tokenizer loaded successfully
2025-01-28 00:35:53,688 - ChatServer - INFO - Setting up chatbot pipeline...
2025-01-28 00:35:53,732 - ChatServer - INFO - Chatbot pipeline setup complete
2025-01-28 00:35:53,732 - ChatServer - INFO - Chat server initialization complete
2025-01-28 00:35:53,782 - ChatServer - INFO - WebSocket server started on ws://localhost:8765
2025-01-28 00:36:07,253 - ChatServer - INFO - Received message from session 6438171504: what is banana?...
2025-01-28 00:36:07,254 - ChatServer - ERROR - Error processing message for session 6438171504: 'RunnableWithMessageHistory' object has no attribute 'arun'
2025-01-28 00:42:18,666 - ChatServer - INFO - Shutting down server...
2025-01-28 00:42:25,549 - ChatServer - INFO - Initializing chat server...
2025-01-28 00:42:25,549 - ChatServer - INFO - Using device: cpu
2025-01-28 00:42:47,560 - ChatServer - INFO - Model and tokenizer loaded successfully
2025-01-28 00:42:47,561 - ChatServer - INFO - Setting up chatbot pipeline...
2025-01-28 00:42:47,584 - ChatServer - INFO - Chatbot pipeline setup complete
2025-01-28 00:42:47,584 - ChatServer - INFO - Chat server initialization complete
2025-01-28 00:42:47,683 - ChatServer - INFO - WebSocket server started on ws://localhost:8765
2025-01-28 00:42:57,309 - ChatServer - INFO - Received message from session 6434730912: what is banana?...
2025-01-28 00:42:57,343 - ChatServer - ERROR - Error processing message for session 6434730912: can only concatenate str (not "HumanMessage") to str
2025-01-28 00:45:46,081 - ChatServer - INFO - Shutting down server...
2025-01-28 00:45:53,497 - ChatServer - INFO - Initializing chat server...
2025-01-28 00:45:53,497 - ChatServer - INFO - Using device: cpu
2025-01-28 00:46:10,873 - ChatServer - INFO - Model and tokenizer loaded successfully
2025-01-28 00:46:10,876 - ChatServer - INFO - Setting up chatbot pipeline...
2025-01-28 00:46:10,900 - ChatServer - INFO - Chatbot pipeline setup complete
2025-01-28 00:46:10,900 - ChatServer - INFO - Chat server initialization complete
2025-01-28 00:46:11,030 - ChatServer - INFO - WebSocket server started on ws://localhost:8765
2025-01-28 00:46:19,042 - ChatServer - INFO - Received message from session 16501312816: what is banana?...
2025-01-28 00:49:20,476 - ChatServer - INFO - Shutting down server...
2025-01-28 00:49:28,823 - ChatServer - INFO - Initializing chat server...
2025-01-28 00:49:28,823 - ChatServer - INFO - Using device: cpu
2025-01-28 00:49:46,714 - ChatServer - INFO - Model and tokenizer loaded successfully
2025-01-28 00:49:46,716 - ChatServer - INFO - Setting up chatbot pipeline...
2025-01-28 00:49:46,732 - ChatServer - INFO - Chatbot pipeline setup complete
2025-01-28 00:49:46,732 - ChatServer - INFO - Chat server initialization complete
2025-01-28 00:49:46,804 - ChatServer - INFO - WebSocket server started on ws://localhost:8765
2025-01-28 00:49:54,010 - ChatServer - INFO - Received message from session 16536113408: what is banana?...
2025-01-28 00:54:31,827 - ChatServer - INFO - Shutting down server...
